<?xml version="1.0" encoding="UTF-8"?>
<robot generator="Robot 7.1.1 (Python 3.12.7 on linux)" generated="2025-04-09T16:19:39.886278" rpa="false" schemaversion="5">
<suite id="s1" name="FrontEndTest" source="/opt/robotframework/tests/FrontEndTest.robot">
<kw name="Open Browser And Maximize" owner="KeyWord" type="SETUP">
<kw name="Open Browser" owner="SeleniumLibrary">
<msg time="2025-04-09T16:19:40.460699" level="INFO">Opening browser 'chrome' to base url 'http://localhost:5173/'.</msg>
<msg time="2025-04-09T16:19:41.055043" level="WARN">Cache folder (/.cache/selenium) cannot be created: Permission denied (os error 13)</msg>
<msg time="2025-04-09T16:19:41.055434" level="WARN">Cache folder (/.cache/selenium) cannot be created: Permission denied (os error 13)</msg>
<msg time="2025-04-09T16:19:41.439566" level="INFO">Cannot capture screenshot because no browser is open.</msg>
<msg time="2025-04-09T16:19:41.439982" level="FAIL">SessionNotCreatedException: Message: session not created: Chrome failed to start: exited normally.
  (session not created: DevToolsActivePort file doesn't exist)
  (The process started from chrome location /opt/robotframework/bin/chrome is no longer running, so ChromeDriver is assuming that Chrome has crashed.)
Stacktrace:
#0 0x5555cf8ec10a &lt;unknown&gt;
#1 0x5555cf407460 &lt;unknown&gt;
#2 0x5555cf43d22a &lt;unknown&gt;
#3 0x5555cf438ca5 &lt;unknown&gt;
#4 0x5555cf484156 &lt;unknown&gt;
#5 0x5555cf4837a6 &lt;unknown&gt;
#6 0x5555cf477db3 &lt;unknown&gt;
#7 0x5555cf446c10 &lt;unknown&gt;
#8 0x5555cf447bee &lt;unknown&gt;
#9 0x5555cf8b839b &lt;unknown&gt;
#10 0x5555cf8bc338 &lt;unknown&gt;
#11 0x5555cf8a5ebc &lt;unknown&gt;
#12 0x5555cf8bceb7 &lt;unknown&gt;
#13 0x5555cf88b10f &lt;unknown&gt;
#14 0x5555cf8da828 &lt;unknown&gt;
#15 0x5555cf8da9f0 &lt;unknown&gt;
#16 0x5555cf8eaf86 &lt;unknown&gt;
#17 0x7f1f6c73f6d7 start_thread
#18 0x7f1f6c7c360c __clone3
</msg>
<arg>${BASE_URL}</arg>
<arg>${BROWSER}</arg>
<doc>Opens a new browser instance to the optional ``url``.</doc>
<status status="FAIL" start="2025-04-09T16:19:40.460152" elapsed="0.984608">SessionNotCreatedException: Message: session not created: Chrome failed to start: exited normally.
  (session not created: DevToolsActivePort file doesn't exist)
  (The process started from chrome location /opt/robotframework/bin/chrome is no longer running, so ChromeDriver is assuming that Chrome has crashed.)
Stacktrace:
#0 0x5555cf8ec10a &lt;unknown&gt;
#1 0x5555cf407460 &lt;unknown&gt;
#2 0x5555cf43d22a &lt;unknown&gt;
#3 0x5555cf438ca5 &lt;unknown&gt;
#4 0x5555cf484156 &lt;unknown&gt;
#5 0x5555cf4837a6 &lt;unknown&gt;
#6 0x5555cf477db3 &lt;unknown&gt;
#7 0x5555cf446c10 &lt;unknown&gt;
#8 0x5555cf447bee &lt;unknown&gt;
#9 0x5555cf8b839b &lt;unknown&gt;
#10 0x5555cf8bc338 &lt;unknown&gt;
#11 0x5555cf8a5ebc &lt;unknown&gt;
#12 0x5555cf8bceb7 &lt;unknown&gt;
#13 0x5555cf88b10f &lt;unknown&gt;
#14 0x5555cf8da828 &lt;unknown&gt;
#15 0x5555cf8da9f0 &lt;unknown&gt;
#16 0x5555cf8eaf86 &lt;unknown&gt;
#17 0x7f1f6c73f6d7 start_thread
#18 0x7f1f6c7c360c __clone3
</status>
</kw>
<kw name="Maximize Browser Window" owner="SeleniumLibrary">
<doc>Maximizes current browser window.</doc>
<status status="NOT RUN" start="2025-04-09T16:19:41.445409" elapsed="0.000090"/>
</kw>
<kw name="Set Selenium Speed" owner="SeleniumLibrary">
<arg>0.2s</arg>
<doc>Sets the delay that is waited after each Selenium command.</doc>
<status status="NOT RUN" start="2025-04-09T16:19:41.445725" elapsed="0.000052"/>
</kw>
<status status="FAIL" start="2025-04-09T16:19:40.458507" elapsed="0.987567">SessionNotCreatedException: Message: session not created: Chrome failed to start: exited normally.
  (session not created: DevToolsActivePort file doesn't exist)
  (The process started from chrome location /opt/robotframework/bin/chrome is no longer running, so ChromeDriver is assuming that Chrome has crashed.)
Stacktrace:
#0 0x5555cf8ec10a &lt;unknown&gt;
#1 0x5555cf407460 &lt;unknown&gt;
#2 0x5555cf43d22a &lt;unknown&gt;
#3 0x5555cf438ca5 &lt;unknown&gt;
#4 0x5555cf484156 &lt;unknown&gt;
#5 0x5555cf4837a6 &lt;unknown&gt;
#6 0x5555cf477db3 &lt;unknown&gt;
#7 0x5555cf446c10 &lt;unknown&gt;
#8 0x5555cf447bee &lt;unknown&gt;
#9 0x5555cf8b839b &lt;unknown&gt;
#10 0x5555cf8bc338 &lt;unknown&gt;
#11 0x5555cf8a5ebc &lt;unknown&gt;
#12 0x5555cf8bceb7 &lt;unknown&gt;
#13 0x5555cf88b10f &lt;unknown&gt;
#14 0x5555cf8da828 &lt;unknown&gt;
#15 0x5555cf8da9f0 &lt;unknown&gt;
#16 0x5555cf8eaf86 &lt;unknown&gt;
#17 0x7f1f6c73f6d7 start_thread
#18 0x7f1f6c7c360c __clone3
</status>
</kw>
<test id="s1-t1" name="Test Login Employee" line="8">
<doc>Test Login For Employee</doc>
<tag>LoginEmployee</tag>
<status status="FAIL" start="2025-04-09T16:19:41.446387" elapsed="0.001025">Parent suite setup failed:
SessionNotCreatedException: Message: session not created: Chrome failed to start: exited normally.
  (session not created: DevToolsActivePort file doesn't exist)
  (The process started from chrome location /opt/robotframework/bin/chrome is no longer running, so ChromeDriver is assuming that Chrome has crashed.)
Stacktrace:
#0 0x5555cf8ec10a &lt;unknown&gt;
#1 0x5555cf407460 &lt;unknown&gt;
#2 0x5555cf43d22a &lt;unknown&gt;
#3 0x5555cf438ca5 &lt;unknown&gt;
#4 0x5555cf484156 &lt;unknown&gt;
#5 0x5555cf4837a6 &lt;unknown&gt;
#6 0x5555cf477db3 &lt;unknown&gt;
#7 0x5555cf446c10 &lt;unknown&gt;
#8 0x5555cf447bee &lt;unknown&gt;
#9 0x5555cf8b839b &lt;unknown&gt;
#10 0x5555cf8bc338 &lt;unknown&gt;
#11 0x5555cf8a5ebc &lt;unknown&gt;
#12 0x5555cf8bceb7 &lt;unknown&gt;
#13 0x5555cf88b10f &lt;unknown&gt;
#14 0x5555cf8da828 &lt;unknown&gt;
#15 0x5555cf8da9f0 &lt;unknown&gt;
#16 0x5555cf8eaf86 &lt;unknown&gt;
#17 0x7f1f6c73f6d7 start_thread
#18 0x7f1f6c7c360c __clone3
</status>
</test>
<test id="s1-t2" name="Test Function On ProfilePage" line="20">
<doc>Test Function On ProfilePage</doc>
<tag>ProfilePage_Seenotification</tag>
<status status="FAIL" start="2025-04-09T16:19:41.447979" elapsed="0.001189">Parent suite setup failed:
SessionNotCreatedException: Message: session not created: Chrome failed to start: exited normally.
  (session not created: DevToolsActivePort file doesn't exist)
  (The process started from chrome location /opt/robotframework/bin/chrome is no longer running, so ChromeDriver is assuming that Chrome has crashed.)
Stacktrace:
#0 0x5555cf8ec10a &lt;unknown&gt;
#1 0x5555cf407460 &lt;unknown&gt;
#2 0x5555cf43d22a &lt;unknown&gt;
#3 0x5555cf438ca5 &lt;unknown&gt;
#4 0x5555cf484156 &lt;unknown&gt;
#5 0x5555cf4837a6 &lt;unknown&gt;
#6 0x5555cf477db3 &lt;unknown&gt;
#7 0x5555cf446c10 &lt;unknown&gt;
#8 0x5555cf447bee &lt;unknown&gt;
#9 0x5555cf8b839b &lt;unknown&gt;
#10 0x5555cf8bc338 &lt;unknown&gt;
#11 0x5555cf8a5ebc &lt;unknown&gt;
#12 0x5555cf8bceb7 &lt;unknown&gt;
#13 0x5555cf88b10f &lt;unknown&gt;
#14 0x5555cf8da828 &lt;unknown&gt;
#15 0x5555cf8da9f0 &lt;unknown&gt;
#16 0x5555cf8eaf86 &lt;unknown&gt;
#17 0x7f1f6c73f6d7 start_thread
#18 0x7f1f6c7c360c __clone3
</status>
</test>
<test id="s1-t3" name="Test Load WorkInfo Page" line="34">
<doc>ทดสอบการโหลดหน้า Work Info ว่าข้อมูลถูกโหลดสำเร็จ พร้อม Navbar และตำแหน่งผู้ใช้งาน</doc>
<tag>WorkInfoLoadPage</tag>
<status status="FAIL" start="2025-04-09T16:19:41.450391" elapsed="0.003903">Parent suite setup failed:
SessionNotCreatedException: Message: session not created: Chrome failed to start: exited normally.
  (session not created: DevToolsActivePort file doesn't exist)
  (The process started from chrome location /opt/robotframework/bin/chrome is no longer running, so ChromeDriver is assuming that Chrome has crashed.)
Stacktrace:
#0 0x5555cf8ec10a &lt;unknown&gt;
#1 0x5555cf407460 &lt;unknown&gt;
#2 0x5555cf43d22a &lt;unknown&gt;
#3 0x5555cf438ca5 &lt;unknown&gt;
#4 0x5555cf484156 &lt;unknown&gt;
#5 0x5555cf4837a6 &lt;unknown&gt;
#6 0x5555cf477db3 &lt;unknown&gt;
#7 0x5555cf446c10 &lt;unknown&gt;
#8 0x5555cf447bee &lt;unknown&gt;
#9 0x5555cf8b839b &lt;unknown&gt;
#10 0x5555cf8bc338 &lt;unknown&gt;
#11 0x5555cf8a5ebc &lt;unknown&gt;
#12 0x5555cf8bceb7 &lt;unknown&gt;
#13 0x5555cf88b10f &lt;unknown&gt;
#14 0x5555cf8da828 &lt;unknown&gt;
#15 0x5555cf8da9f0 &lt;unknown&gt;
#16 0x5555cf8eaf86 &lt;unknown&gt;
#17 0x7f1f6c73f6d7 start_thread
#18 0x7f1f6c7c360c __clone3
</status>
</test>
<test id="s1-t4" name="Test Show Task Options By Position" line="56">
<doc>ทดสอบว่าการแสดงรายการงานใน dropdown ตรงกับตำแหน่งของผู้ใช้งาน</doc>
<tag>WorkInfoDropdown</tag>
<status status="FAIL" start="2025-04-09T16:19:41.455712" elapsed="0.002309">Parent suite setup failed:
SessionNotCreatedException: Message: session not created: Chrome failed to start: exited normally.
  (session not created: DevToolsActivePort file doesn't exist)
  (The process started from chrome location /opt/robotframework/bin/chrome is no longer running, so ChromeDriver is assuming that Chrome has crashed.)
Stacktrace:
#0 0x5555cf8ec10a &lt;unknown&gt;
#1 0x5555cf407460 &lt;unknown&gt;
#2 0x5555cf43d22a &lt;unknown&gt;
#3 0x5555cf438ca5 &lt;unknown&gt;
#4 0x5555cf484156 &lt;unknown&gt;
#5 0x5555cf4837a6 &lt;unknown&gt;
#6 0x5555cf477db3 &lt;unknown&gt;
#7 0x5555cf446c10 &lt;unknown&gt;
#8 0x5555cf447bee &lt;unknown&gt;
#9 0x5555cf8b839b &lt;unknown&gt;
#10 0x5555cf8bc338 &lt;unknown&gt;
#11 0x5555cf8a5ebc &lt;unknown&gt;
#12 0x5555cf8bceb7 &lt;unknown&gt;
#13 0x5555cf88b10f &lt;unknown&gt;
#14 0x5555cf8da828 &lt;unknown&gt;
#15 0x5555cf8da9f0 &lt;unknown&gt;
#16 0x5555cf8eaf86 &lt;unknown&gt;
#17 0x7f1f6c73f6d7 start_thread
#18 0x7f1f6c7c360c __clone3
</status>
</test>
<test id="s1-t5" name="Test Submit Work Record Successfully" line="88">
<doc>ทดสอบการกรอกงานและชั่วโมงทำงานที่ถูกต้อง พร้อมกดบันทึกสำเร็จ</doc>
<tag>WorkInfoSubmitPositive</tag>
<status status="FAIL" start="2025-04-09T16:19:41.458515" elapsed="0.002517">Parent suite setup failed:
SessionNotCreatedException: Message: session not created: Chrome failed to start: exited normally.
  (session not created: DevToolsActivePort file doesn't exist)
  (The process started from chrome location /opt/robotframework/bin/chrome is no longer running, so ChromeDriver is assuming that Chrome has crashed.)
Stacktrace:
#0 0x5555cf8ec10a &lt;unknown&gt;
#1 0x5555cf407460 &lt;unknown&gt;
#2 0x5555cf43d22a &lt;unknown&gt;
#3 0x5555cf438ca5 &lt;unknown&gt;
#4 0x5555cf484156 &lt;unknown&gt;
#5 0x5555cf4837a6 &lt;unknown&gt;
#6 0x5555cf477db3 &lt;unknown&gt;
#7 0x5555cf446c10 &lt;unknown&gt;
#8 0x5555cf447bee &lt;unknown&gt;
#9 0x5555cf8b839b &lt;unknown&gt;
#10 0x5555cf8bc338 &lt;unknown&gt;
#11 0x5555cf8a5ebc &lt;unknown&gt;
#12 0x5555cf8bceb7 &lt;unknown&gt;
#13 0x5555cf88b10f &lt;unknown&gt;
#14 0x5555cf8da828 &lt;unknown&gt;
#15 0x5555cf8da9f0 &lt;unknown&gt;
#16 0x5555cf8eaf86 &lt;unknown&gt;
#17 0x7f1f6c73f6d7 start_thread
#18 0x7f1f6c7c360c __clone3
</status>
</test>
<test id="s1-t6" name="Test Submit Work With Note" line="114">
<doc>ทดสอบการเพิ่มหมายเหตุและตรวจสอบว่าแสดงในประวัติได้ถูกต้อง</doc>
<tag>WorkInfoNoteSubmit</tag>
<status status="FAIL" start="2025-04-09T16:19:41.461767" elapsed="0.003322">Parent suite setup failed:
SessionNotCreatedException: Message: session not created: Chrome failed to start: exited normally.
  (session not created: DevToolsActivePort file doesn't exist)
  (The process started from chrome location /opt/robotframework/bin/chrome is no longer running, so ChromeDriver is assuming that Chrome has crashed.)
Stacktrace:
#0 0x5555cf8ec10a &lt;unknown&gt;
#1 0x5555cf407460 &lt;unknown&gt;
#2 0x5555cf43d22a &lt;unknown&gt;
#3 0x5555cf438ca5 &lt;unknown&gt;
#4 0x5555cf484156 &lt;unknown&gt;
#5 0x5555cf4837a6 &lt;unknown&gt;
#6 0x5555cf477db3 &lt;unknown&gt;
#7 0x5555cf446c10 &lt;unknown&gt;
#8 0x5555cf447bee &lt;unknown&gt;
#9 0x5555cf8b839b &lt;unknown&gt;
#10 0x5555cf8bc338 &lt;unknown&gt;
#11 0x5555cf8a5ebc &lt;unknown&gt;
#12 0x5555cf8bceb7 &lt;unknown&gt;
#13 0x5555cf88b10f &lt;unknown&gt;
#14 0x5555cf8da828 &lt;unknown&gt;
#15 0x5555cf8da9f0 &lt;unknown&gt;
#16 0x5555cf8eaf86 &lt;unknown&gt;
#17 0x7f1f6c73f6d7 start_thread
#18 0x7f1f6c7c360c __clone3
</status>
</test>
<test id="s1-t7" name="Test Switch To Work History Tab" line="149">
<doc>ทดสอบการกดสลับแท็บไปที่ “ประวัติการทำงาน” แล้วข้อมูลแสดงถูกต้อง</doc>
<tag>WorkInfoTabSwitchHistory</tag>
<status status="FAIL" start="2025-04-09T16:19:41.465897" elapsed="0.004232">Parent suite setup failed:
SessionNotCreatedException: Message: session not created: Chrome failed to start: exited normally.
  (session not created: DevToolsActivePort file doesn't exist)
  (The process started from chrome location /opt/robotframework/bin/chrome is no longer running, so ChromeDriver is assuming that Chrome has crashed.)
Stacktrace:
#0 0x5555cf8ec10a &lt;unknown&gt;
#1 0x5555cf407460 &lt;unknown&gt;
#2 0x5555cf43d22a &lt;unknown&gt;
#3 0x5555cf438ca5 &lt;unknown&gt;
#4 0x5555cf484156 &lt;unknown&gt;
#5 0x5555cf4837a6 &lt;unknown&gt;
#6 0x5555cf477db3 &lt;unknown&gt;
#7 0x5555cf446c10 &lt;unknown&gt;
#8 0x5555cf447bee &lt;unknown&gt;
#9 0x5555cf8b839b &lt;unknown&gt;
#10 0x5555cf8bc338 &lt;unknown&gt;
#11 0x5555cf8a5ebc &lt;unknown&gt;
#12 0x5555cf8bceb7 &lt;unknown&gt;
#13 0x5555cf88b10f &lt;unknown&gt;
#14 0x5555cf8da828 &lt;unknown&gt;
#15 0x5555cf8da9f0 &lt;unknown&gt;
#16 0x5555cf8eaf86 &lt;unknown&gt;
#17 0x7f1f6c73f6d7 start_thread
#18 0x7f1f6c7c360c __clone3
</status>
</test>
<test id="s1-t8" name="Test Show Record Details In History" line="171">
<doc>ทดสอบการกดปุ่ม “ดูรายละเอียด” ในประวัติแล้วข้อมูลแสดงถูกต้อง</doc>
<tag>WorkInfoHistoryDetails</tag>
<status status="FAIL" start="2025-04-09T16:19:41.470918" elapsed="0.003918">Parent suite setup failed:
SessionNotCreatedException: Message: session not created: Chrome failed to start: exited normally.
  (session not created: DevToolsActivePort file doesn't exist)
  (The process started from chrome location /opt/robotframework/bin/chrome is no longer running, so ChromeDriver is assuming that Chrome has crashed.)
Stacktrace:
#0 0x5555cf8ec10a &lt;unknown&gt;
#1 0x5555cf407460 &lt;unknown&gt;
#2 0x5555cf43d22a &lt;unknown&gt;
#3 0x5555cf438ca5 &lt;unknown&gt;
#4 0x5555cf484156 &lt;unknown&gt;
#5 0x5555cf4837a6 &lt;unknown&gt;
#6 0x5555cf477db3 &lt;unknown&gt;
#7 0x5555cf446c10 &lt;unknown&gt;
#8 0x5555cf447bee &lt;unknown&gt;
#9 0x5555cf8b839b &lt;unknown&gt;
#10 0x5555cf8bc338 &lt;unknown&gt;
#11 0x5555cf8a5ebc &lt;unknown&gt;
#12 0x5555cf8bceb7 &lt;unknown&gt;
#13 0x5555cf88b10f &lt;unknown&gt;
#14 0x5555cf8da828 &lt;unknown&gt;
#15 0x5555cf8da9f0 &lt;unknown&gt;
#16 0x5555cf8eaf86 &lt;unknown&gt;
#17 0x7f1f6c73f6d7 start_thread
#18 0x7f1f6c7c360c __clone3
</status>
</test>
<test id="s1-t9" name="Test Show Tooltip Guidance" line="194">
<doc>ทดสอบการแสดง Tooltip แนะนำเมื่อกดที่ไอคอน และสามารถปิด/เปิดได้</doc>
<tag>WorkInfoTooltipUI</tag>
<status status="FAIL" start="2025-04-09T16:19:41.476909" elapsed="0.003595">Parent suite setup failed:
SessionNotCreatedException: Message: session not created: Chrome failed to start: exited normally.
  (session not created: DevToolsActivePort file doesn't exist)
  (The process started from chrome location /opt/robotframework/bin/chrome is no longer running, so ChromeDriver is assuming that Chrome has crashed.)
Stacktrace:
#0 0x5555cf8ec10a &lt;unknown&gt;
#1 0x5555cf407460 &lt;unknown&gt;
#2 0x5555cf43d22a &lt;unknown&gt;
#3 0x5555cf438ca5 &lt;unknown&gt;
#4 0x5555cf484156 &lt;unknown&gt;
#5 0x5555cf4837a6 &lt;unknown&gt;
#6 0x5555cf477db3 &lt;unknown&gt;
#7 0x5555cf446c10 &lt;unknown&gt;
#8 0x5555cf447bee &lt;unknown&gt;
#9 0x5555cf8b839b &lt;unknown&gt;
#10 0x5555cf8bc338 &lt;unknown&gt;
#11 0x5555cf8a5ebc &lt;unknown&gt;
#12 0x5555cf8bceb7 &lt;unknown&gt;
#13 0x5555cf88b10f &lt;unknown&gt;
#14 0x5555cf8da828 &lt;unknown&gt;
#15 0x5555cf8da9f0 &lt;unknown&gt;
#16 0x5555cf8eaf86 &lt;unknown&gt;
#17 0x7f1f6c73f6d7 start_thread
#18 0x7f1f6c7c360c __clone3
</status>
</test>
<kw name="Close Browser" owner="SeleniumLibrary" type="TEARDOWN">
<doc>Closes the current browser.</doc>
<status status="PASS" start="2025-04-09T16:19:41.482458" elapsed="0.000487"/>
</kw>
<status status="FAIL" start="2025-04-09T16:19:39.893433" elapsed="1.589625">Suite setup failed:
SessionNotCreatedException: Message: session not created: Chrome failed to start: exited normally.
  (session not created: DevToolsActivePort file doesn't exist)
  (The process started from chrome location /opt/robotframework/bin/chrome is no longer running, so ChromeDriver is assuming that Chrome has crashed.)
Stacktrace:
#0 0x5555cf8ec10a &lt;unknown&gt;
#1 0x5555cf407460 &lt;unknown&gt;
#2 0x5555cf43d22a &lt;unknown&gt;
#3 0x5555cf438ca5 &lt;unknown&gt;
#4 0x5555cf484156 &lt;unknown&gt;
#5 0x5555cf4837a6 &lt;unknown&gt;
#6 0x5555cf477db3 &lt;unknown&gt;
#7 0x5555cf446c10 &lt;unknown&gt;
#8 0x5555cf447bee &lt;unknown&gt;
#9 0x5555cf8b839b &lt;unknown&gt;
#10 0x5555cf8bc338 &lt;unknown&gt;
#11 0x5555cf8a5ebc &lt;unknown&gt;
#12 0x5555cf8bceb7 &lt;unknown&gt;
#13 0x5555cf88b10f &lt;unknown&gt;
#14 0x5555cf8da828 &lt;unknown&gt;
#15 0x5555cf8da9f0 &lt;unknown&gt;
#16 0x5555cf8eaf86 &lt;unknown&gt;
#17 0x7f1f6c73f6d7 start_thread
#18 0x7f1f6c7c360c __clone3
</status>
</suite>
<statistics>
<total>
<stat pass="0" fail="9" skip="0">All Tests</stat>
</total>
<tag>
<stat pass="0" fail="1" skip="0">LoginEmployee</stat>
<stat pass="0" fail="1" skip="0">ProfilePage_Seenotification</stat>
<stat pass="0" fail="1" skip="0">WorkInfoDropdown</stat>
<stat pass="0" fail="1" skip="0">WorkInfoHistoryDetails</stat>
<stat pass="0" fail="1" skip="0">WorkInfoLoadPage</stat>
<stat pass="0" fail="1" skip="0">WorkInfoNoteSubmit</stat>
<stat pass="0" fail="1" skip="0">WorkInfoSubmitPositive</stat>
<stat pass="0" fail="1" skip="0">WorkInfoTabSwitchHistory</stat>
<stat pass="0" fail="1" skip="0">WorkInfoTooltipUI</stat>
</tag>
<suite>
<stat pass="0" fail="9" skip="0" id="s1" name="FrontEndTest">FrontEndTest</stat>
</suite>
</statistics>
<errors>
<msg time="2025-04-09T16:19:41.055043" level="WARN">Cache folder (/.cache/selenium) cannot be created: Permission denied (os error 13)</msg>
<msg time="2025-04-09T16:19:41.055434" level="WARN">Cache folder (/.cache/selenium) cannot be created: Permission denied (os error 13)</msg>
</errors>
</robot>
